<?xml version="1.0" encoding="UTF-8" ?>
<testsuite tests="6" failures="0" name="TestSuite" time="19.652" errors="0" skipped="0">
  <properties>
    <property name="DISPLAY" value=":0"/>
    <property name="file.encoding.pkg" value="sun.io"/>
    <property name="CLUTTER_IM_MODULE" value="xim"/>
    <property name="java.home" value="/usr/lib/jvm/java-8-oracle/jre"/>
    <property name="XDG_GREETER_DATA_DIR" value="/var/lib/lightdm-data/manoj"/>
    <property name="LOGNAME" value="manoj"/>
    <property name="NODE_NAME" value="master"/>
    <property name="PWD" value="/home/manoj/Jenkins"/>
    <property name="JENKINS_URL" value="http://localhost:8080/"/>
    <property name="sun.font.fontmanager" value="sun.awt.X11FontManager"/>
    <property name="UNITY_HAS_3D_SUPPORT" value="true"/>
    <property name="GDMSESSION" value="ubuntu"/>
    <property name="java.endorsed.dirs" value="/usr/lib/jvm/java-8-oracle/jre/lib/endorsed"/>
    <property name="XDG_SEAT_PATH" value="/org/freedesktop/DisplayManager/Seat0"/>
    <property name="sun.os.patch.level" value="unknown"/>
    <property name="java.vendor.url" value="http://java.oracle.com/"/>
    <property name="GPG_AGENT_INFO" value="/home/manoj/.gnupg/S.gpg-agent:0:1"/>
    <property name="java.version" value="1.8.0_181"/>
    <property name="JOB_NAME" value="FreeCRMTestJob"/>
    <property name="ANDROID_HOME" value="/home/manoj/Android/Sdk"/>
    <property name="java.vendor.url.bug" value="http://bugreport.sun.com/bugreport/"/>
    <property name="XDG_DATA_DIRS" value="/usr/share/ubuntu:/usr/share/gnome:/usr/local/share:/usr/share:/var/lib/snapd/desktop"/>
    <property name="user.name" value="manoj"/>
    <property name="sun.io.unicode.encoding" value="UnicodeLittle"/>
    <property name="XDG_RUNTIME_DIR" value="/run/user/1000"/>
    <property name="UPSTART_JOB" value="unity7"/>
    <property name="sun.jnu.encoding" value="UTF-8"/>
    <property name="java.runtime.name" value="Java(TM) SE Runtime Environment"/>
    <property name="GNOME_KEYRING_CONTROL" value=""/>
    <property name="XDG_SESSION_DESKTOP" value="ubuntu"/>
    <property name="java.specification.name" value="Java Platform API Specification"/>
    <property name="RUN_CHANGES_DISPLAY_URL" value="http://localhost:8080/job/FreeCRMTestJob/7/display/redirect?page=changes"/>
    <property name="user.timezone" value="Asia/Kolkata"/>
    <property name="path.separator" value=":"/>
    <property name="WINDOWID" value="75497476"/>
    <property name="BUILD_TAG" value="jenkins-FreeCRMTestJob-7"/>
    <property name="TERM" value="xterm"/>
    <property name="GTK_MODULES" value="gail:atk-bridge:unity-gtk-module"/>
    <property name="MANDATORY_PATH" value="/usr/share/gconf/ubuntu.mandatory.path"/>
    <property name="file.encoding" value="UTF-8"/>
    <property name="PATH" value="/opt/maven/bin:/home/manoj/bin:/home/manoj/.local/bin:/usr/local/sbin:/usr/local/bin:/usr/sbin:/usr/bin:/sbin:/bin:/usr/games:/usr/local/games:/snap/bin:/usr/lib/jvm/java-8-oracle/bin:/usr/lib/jvm/java-8-oracle/db/bin:/usr/lib/jvm/java-8-oracle/jre/bin:/usr/lib/jvm/java-8-openjdk-amd64/bin:/home/manoj/Android/Sdk/platform-tools:/home/manoj/Android/Sdk/tools:/home/manoj/Android/Sdk/build-tools:/home/manoj/Android/Sdk/platform-tools/adb"/>
    <property name="QT_ACCESSIBILITY" value="1"/>
    <property name="DESKTOP_SESSION" value="ubuntu"/>
    <property name="sun.java.command" value="jenkins.maven3.agent.Maven35Main /home/manoj/.jenkins/tools/hudson.tasks.Maven_MavenInstallation/TestMaven /home/manoj/.jenkins/war/WEB-INF/lib/remoting-4.5.jar /home/manoj/.jenkins/plugins/maven-plugin/WEB-INF/lib/maven35-interceptor-1.13.jar /home/manoj/.jenkins/plugins/maven-plugin/WEB-INF/lib/maven3-interceptor-commons-1.13.jar 39007"/>
    <property name="HUDSON_URL" value="http://localhost:8080/"/>
    <property name="XDG_CONFIG_DIRS" value="/etc/xdg/xdg-ubuntu:/usr/share/upstart/xdg:/etc/xdg"/>
    <property name="JENKINS_SERVER_COOKIE" value="b84252d6254e1f17"/>
    <property name="SESSIONTYPE" value="gnome-session"/>
    <property name="EXECUTOR_NUMBER" value="0"/>
    <property name="XDG_SESSION_TYPE" value="x11"/>
    <property name="J2REDIR" value="/usr/lib/jvm/java-8-oracle/jre"/>
    <property name="XDG_SESSION_PATH" value="/org/freedesktop/DisplayManager/Session0"/>
    <property name="java.io.tmpdir" value="/tmp"/>
    <property name="user.language" value="en"/>
    <property name="line.separator" value="
"/>
    <property name="GTK2_MODULES" value="overlay-scrollbar"/>
    <property name="COLORTERM" value="gnome-terminal"/>
    <property name="BUILD_URL" value="http://localhost:8080/job/FreeCRMTestJob/7/"/>
    <property name="SHLVL" value="1"/>
    <property name="M2_HOME" value="/home/manoj/.jenkins/tools/hudson.tasks.Maven_MavenInstallation/TestMaven"/>
    <property name="USER" value="manoj"/>
    <property name="PATH+CHROMEDRIVER" value="/home/manoj/.jenkins/tools/chromedriver"/>
    <property name="java.vm.info" value="mixed mode"/>
    <property name="UPSTART_EVENTS" value="xsession started"/>
    <property name="sun.desktop" value="gnome"/>
    <property name="java.vm.specification.name" value="Java Virtual Machine Specification"/>
    <property name="BUILD_DISPLAY_NAME" value="#7"/>
    <property name="IBUS_DISABLE_SNOOPER" value="1"/>
    <property name="guice.disable.misplaced.annotation.check" value="true"/>
    <property name="HUDSON_SERVER_COOKIE" value="b84252d6254e1f17"/>
    <property name="WORKSPACE_TMP" value="/home/manoj/.jenkins/workspace/FreeCRMTestJob@tmp"/>
    <property name="UPSTART_SESSION" value="unix:abstract=/com/ubuntu/upstart-session/1000/2126"/>
    <property name="MAVEN_HOME" value="/home/manoj/.jenkins/tools/hudson.tasks.Maven_MavenInstallation/TestMaven"/>
    <property name="java.awt.printerjob" value="sun.print.PSPrinterJob"/>
    <property name="SESSION_MANAGER" value="local/manoj-HP-EliteBook-840-G3:@/tmp/.ICE-unix/2640,unix/manoj-HP-EliteBook-840-G3:/tmp/.ICE-unix/2640"/>
    <property name="DEFAULTS_PATH" value="/usr/share/gconf/ubuntu.default.path"/>
    <property name="maven3.interceptor.common" value="/home/manoj/.jenkins/plugins/maven-plugin/WEB-INF/lib/maven3-interceptor-commons-1.13.jar"/>
    <property name="CLASSPATH" value=""/>
    <property name="ORBIT_SOCKETDIR" value="/tmp/orbit-manoj"/>
    <property name="GNOME_DESKTOP_SESSION_ID" value="this-is-deprecated"/>
    <property name="XAUTHORITY" value="/home/manoj/.Xauthority"/>
    <property name="GIO_LAUNCHED_DESKTOP_FILE" value="/usr/share/applications/terminator.desktop"/>
    <property name="LESSCLOSE" value="/usr/bin/lesspipe %s %s"/>
    <property name="XDG_MENU_PREFIX" value="gnome-"/>
    <property name="https_proxy" value=""/>
    <property name="XDG_CURRENT_DESKTOP" value="Unity"/>
    <property name="os.name" value="Linux"/>
    <property name="java.specification.vendor" value="Oracle Corporation"/>
    <property name="java.vm.name" value="Java HotSpot(TM) 64-Bit Server VM"/>
    <property name="BUILD_NUMBER" value="7"/>
    <property name="maven3.interceptor" value="/home/manoj/.jenkins/plugins/maven-plugin/WEB-INF/lib/maven35-interceptor-1.13.jar"/>
    <property name="java.library.path" value="/usr/java/packages/lib/amd64:/usr/lib64:/lib64:/lib:/usr/lib"/>
    <property name="DERBY_HOME" value="/usr/lib/jvm/java-8-oracle/db"/>
    <property name="http_proxy" value=""/>
    <property name="QT_IM_MODULE" value="ibus"/>
    <property name="POM_GROUPID" value="FreeCRM"/>
    <property name="POM_ARTIFACTID" value="FREECRM"/>
    <property name="java.class.version" value="52.0"/>
    <property name="DBUS_SESSION_BUS_ADDRESS" value="unix:abstract=/tmp/dbus-FiSTLNaeJ5"/>
    <property name="JOB_URL" value="http://localhost:8080/job/FreeCRMTestJob/"/>
    <property name="UPSTART_INSTANCE" value=""/>
    <property name="RUN_DISPLAY_URL" value="http://localhost:8080/job/FreeCRMTestJob/7/display/redirect"/>
    <property name="JENKINS_HOME" value="/home/manoj/.jenkins"/>
    <property name="COMPIZ_CONFIG_PROFILE" value="ubuntu"/>
    <property name="BUILD_ID" value="7"/>
    <property name="sun.boot.library.path" value="/usr/lib/jvm/java-8-oracle/jre/lib/amd64"/>
    <property name="sun.management.compiler" value="HotSpot 64-Bit Tiered Compilers"/>
    <property name="java.awt.graphicsenv" value="sun.awt.X11GraphicsEnvironment"/>
    <property name="POM_VERSION" value="0.0.1-SNAPSHOT"/>
    <property name="GTK_IM_MODULE" value="ibus"/>
    <property name="HUDSON_HOME" value="/home/manoj/.jenkins"/>
    <property name="PATH+MAVEN" value="/home/manoj/.jenkins/tools/hudson.tasks.Maven_MavenInstallation/TestMaven/bin"/>
    <property name="OLDPWD" value="/home/manoj"/>
    <property name="RUN_ARTIFACTS_DISPLAY_URL" value="http://localhost:8080/job/FreeCRMTestJob/7/display/redirect?page=artifacts"/>
    <property name="INSTANCE" value=""/>
    <property name="QT_QPA_PLATFORMTHEME" value="appmenu-qt5"/>
    <property name="ftp_proxy" value=""/>
    <property name="java.vm.specification.version" value="1.8"/>
    <property name="JAVA_HOME" value="/usr/lib/jvm/java-8-openjdk-amd64"/>
    <property name="SHELL" value="/bin/bash"/>
    <property name="SESSION" value="ubuntu"/>
    <property name="awt.toolkit" value="sun.awt.X11.XToolkit"/>
    <property name="NODE_LABELS" value="master"/>
    <property name="sun.cpu.isalist" value=""/>
    <property name="JOB_DISPLAY_URL" value="http://localhost:8080/job/FreeCRMTestJob/display/redirect"/>
    <property name="securerandom.source" value="file:/dev/./urandom"/>
    <property name="java.ext.dirs" value="/usr/lib/jvm/java-8-oracle/jre/lib/ext:/usr/java/packages/lib/ext"/>
    <property name="os.version" value="4.15.0-117-generic"/>
    <property name="user.home" value="/home/manoj"/>
    <property name="_" value="/usr/bin/java"/>
    <property name="java.vm.vendor" value="Oracle Corporation"/>
    <property name="JOB" value="unity-settings-daemon"/>
    <property name="IM_CONFIG_PHASE" value="1"/>
    <property name="user.dir" value="/home/manoj/eclipse-workspace/FREECRM"/>
    <property name="GIO_LAUNCHED_DESKTOP_FILE_PID" value="15122"/>
    <property name="maven.conf" value="/home/manoj/.jenkins/tools/hudson.tasks.Maven_MavenInstallation/TestMaven/conf"/>
    <property name="GDM_LANG" value="en_US"/>
    <property name="XDG_VTNR" value="7"/>
    <property name="sun.cpu.endian" value="little"/>
    <property name="UNITY_DEFAULT_PROFILE" value="unity"/>
    <property name="java.vm.version" value="25.181-b13"/>
    <property name="java.class.path" value="/home/manoj/.jenkins/plugins/maven-plugin/WEB-INF/lib/maven35-agent-1.13.jar:/home/manoj/.jenkins/tools/hudson.tasks.Maven_MavenInstallation/TestMaven/boot/plexus-classworlds-2.6.0.jar:/home/manoj/.jenkins/tools/hudson.tasks.Maven_MavenInstallation/TestMaven/conf/logging"/>
    <property name="org.slf4j.simpleLogger.defaultLogLevel" value="info"/>
    <property name="XDG_SEAT" value="seat0"/>
    <property name="os.arch" value="amd64"/>
    <property name="WORKSPACE" value="/home/manoj/.jenkins/workspace/FreeCRMTestJob"/>
    <property name="RUN_TESTS_DISPLAY_URL" value="http://localhost:8080/job/FreeCRMTestJob/7/display/redirect?page=tests"/>
    <property name="socks_proxy" value=""/>
    <property name="sun.java.launcher" value="SUN_STANDARD"/>
    <property name="GNOME_KEYRING_PID" value=""/>
    <property name="LANG" value="en_IN"/>
    <property name="TERMINATOR_UUID" value="urn:uuid:e4e9c088-a130-44c9-8058-6a04d8542f21"/>
    <property name="java.vm.specification.vendor" value="Oracle Corporation"/>
    <property name="LESSOPEN" value="| /usr/bin/lesspipe %s"/>
    <property name="file.separator" value="/"/>
    <property name="J2SDKDIR" value="/usr/lib/jvm/java-8-oracle"/>
    <property name="LANGUAGE" value="en_IN:en"/>
    <property name="java.runtime.version" value="1.8.0_181-b13"/>
    <property name="sun.boot.class.path" value="/usr/lib/jvm/java-8-oracle/jre/lib/resources.jar:/usr/lib/jvm/java-8-oracle/jre/lib/rt.jar:/usr/lib/jvm/java-8-oracle/jre/lib/sunrsasign.jar:/usr/lib/jvm/java-8-oracle/jre/lib/jsse.jar:/usr/lib/jvm/java-8-oracle/jre/lib/jce.jar:/usr/lib/jvm/java-8-oracle/jre/lib/charsets.jar:/usr/lib/jvm/java-8-oracle/jre/lib/jfr.jar:/usr/lib/jvm/java-8-oracle/jre/classes"/>
    <property name="XDG_SESSION_ID" value="c1"/>
    <property name="QT4_IM_MODULE" value="xim"/>
    <property name="user.country" value="IN"/>
    <property name="POM_PACKAGING" value="jar"/>
    <property name="maven.home" value="/home/manoj/.jenkins/tools/hudson.tasks.Maven_MavenInstallation/TestMaven"/>
    <property name="JOB_BASE_NAME" value="FreeCRMTestJob"/>
    <property name="XMODIFIERS" value="@im=ibus"/>
    <property name="HOME" value="/home/manoj"/>
    <property name="java.vendor" value="Oracle Corporation"/>
    <property name="QT_LINUX_ACCESSIBILITY_ALWAYS_ON" value="1"/>
    <property name="SSH_AUTH_SOCK" value="/run/user/1000/keyring/ssh"/>
    <property name="LS_COLORS" value="rs=0:di=01;34:ln=01;36:mh=00:pi=40;33:so=01;35:do=01;35:bd=40;33;01:cd=40;33;01:or=40;31;01:mi=00:su=37;41:sg=30;43:ca=30;41:tw=30;42:ow=34;42:st=37;44:ex=01;32:*.tar=01;31:*.tgz=01;31:*.arc=01;31:*.arj=01;31:*.taz=01;31:*.lha=01;31:*.lz4=01;31:*.lzh=01;31:*.lzma=01;31:*.tlz=01;31:*.txz=01;31:*.tzo=01;31:*.t7z=01;31:*.zip=01;31:*.z=01;31:*.Z=01;31:*.dz=01;31:*.gz=01;31:*.lrz=01;31:*.lz=01;31:*.lzo=01;31:*.xz=01;31:*.bz2=01;31:*.bz=01;31:*.tbz=01;31:*.tbz2=01;31:*.tz=01;31:*.deb=01;31:*.rpm=01;31:*.jar=01;31:*.war=01;31:*.ear=01;31:*.sar=01;31:*.rar=01;31:*.alz=01;31:*.ace=01;31:*.zoo=01;31:*.cpio=01;31:*.7z=01;31:*.rz=01;31:*.cab=01;31:*.jpg=01;35:*.jpeg=01;35:*.gif=01;35:*.bmp=01;35:*.pbm=01;35:*.pgm=01;35:*.ppm=01;35:*.tga=01;35:*.xbm=01;35:*.xpm=01;35:*.tif=01;35:*.tiff=01;35:*.png=01;35:*.svg=01;35:*.svgz=01;35:*.mng=01;35:*.pcx=01;35:*.mov=01;35:*.mpg=01;35:*.mpeg=01;35:*.m2v=01;35:*.mkv=01;35:*.webm=01;35:*.ogm=01;35:*.mp4=01;35:*.m4v=01;35:*.mp4v=01;35:*.vob=01;35:*.qt=01;35:*.nuv=01;35:*.wmv=01;35:*.asf=01;35:*.rm=01;35:*.rmvb=01;35:*.flc=01;35:*.avi=01;35:*.fli=01;35:*.flv=01;35:*.gl=01;35:*.dl=01;35:*.xcf=01;35:*.xwd=01;35:*.yuv=01;35:*.cgm=01;35:*.emf=01;35:*.ogv=01;35:*.ogx=01;35:*.aac=00;36:*.au=00;36:*.flac=00;36:*.m4a=00;36:*.mid=00;36:*.midi=00;36:*.mka=00;36:*.mp3=00;36:*.mpc=00;36:*.ogg=00;36:*.ra=00;36:*.wav=00;36:*.oga=00;36:*.opus=00;36:*.spx=00;36:*.xspf=00;36:"/>
    <property name="POM_DISPLAYNAME" value="FREECRM"/>
    <property name="COMPIZ_BIN_PATH" value="/usr/bin/"/>
    <property name="java.specification.version" value="1.8"/>
    <property name="sun.arch.data.model" value="64"/>
  </properties>
  <testcase classname="com.crmautomation.testcases.ContactsPageTest" name="clickOnCheckboxTest" time="3.24"/>
  <testcase classname="com.crmautomation.testcases.LoginPageTest" name="pageTitleTest" time="0.037"/>
  <testcase classname="com.crmautomation.testcases.HomePageTest" name="verifyPageTitleTest" time="0.01"/>
  <testcase classname="com.crmautomation.testcases.LoginPageTest" name="loginTest" time="6.793"/>
  <testcase classname="com.crmautomation.testcases.HomePageTest" name="verifyUserTest" time="1.433"/>
  <testcase classname="com.crmautomation.testcases.HomePageTest" name="navigateToContactsPageTest" time="8.139"/>
</testsuite>