<?xml version="1.0" encoding="UTF-8"?>
<!-- Generated by org.testng.reporters.JUnitReportReporter -->
<testsuite skipped="0" hostname="manoj-HP-EliteBook-840-G3" name="com.crmautomation.testcases.HomePageTest" tests="3" failures="0" timestamp="15 Sep 2020 16:08:58 GMT" time="46.770" errors="0">
  <testcase name="verifyPageTitleTest" time="13.824" classname="com.crmautomation.testcases.HomePageTest"/>
  <testcase name="verifyUserTest" time="13.289" classname="com.crmautomation.testcases.HomePageTest"/>
  <testcase name="navigateToContactsPageTest" time="19.657" classname="com.crmautomation.testcases.HomePageTest"/>
</testsuite> <!-- com.crmautomation.testcases.HomePageTest -->
