<?xml version="1.0" encoding="UTF-8"?>
<!-- Generated by org.testng.reporters.JUnitReportReporter -->
<testsuite skipped="0" hostname="manoj-HP-EliteBook-840-G3" name="com.crmautomation.testcases.ContactsPageTest" tests="1" failures="0" timestamp="15 Sep 2020 15:59:33 GMT" time="27.002" errors="0">
  <testcase name="clickOnCheckboxTest" time="27.002" classname="com.crmautomation.testcases.ContactsPageTest"/>
</testsuite> <!-- com.crmautomation.testcases.ContactsPageTest -->
