<?xml version="1.0" encoding="UTF-8"?>
<!-- Generated by org.testng.reporters.JUnitReportReporter -->
<testsuite skipped="0" hostname="manoj-HP-EliteBook-840-G3" name="com.crmautomation.testcases.LoginPageTest" tests="2" failures="0" timestamp="18 Sep 2020 08:56:47 GMT" time="18.739" errors="0">
  <testcase name="pageTitleTest" time="5.421" classname="com.crmautomation.testcases.LoginPageTest"/>
  <testcase name="loginTest" time="13.318" classname="com.crmautomation.testcases.LoginPageTest"/>
</testsuite> <!-- com.crmautomation.testcases.LoginPageTest -->
