<?xml version="1.0" encoding="UTF-8"?>
<!-- Generated by org.testng.reporters.JUnitReportReporter -->
<testsuite skipped="0" hostname="manoj-HP-EliteBook-840-G3" name="com.crmautomation.testcases.ContactsPageTest" tests="1" failures="0" timestamp="18 Sep 2020 08:56:47 GMT" time="20.035" errors="0">
  <testcase name="clickOnCheckboxTest" time="20.035" classname="com.crmautomation.testcases.ContactsPageTest"/>
</testsuite> <!-- com.crmautomation.testcases.ContactsPageTest -->
