<?xml version="1.0" encoding="UTF-8"?>
<!-- Generated by org.testng.reporters.JUnitReportReporter -->
<testsuite skipped="0" hostname="manoj-HP-EliteBook-840-G3" name="com.crmautomation.testcases.HomePageTest" tests="3" failures="0" timestamp="18 Sep 2020 08:56:47 GMT" time="31.927" errors="0">
  <testcase name="verifyPageTitleTest" time="9.489" classname="com.crmautomation.testcases.HomePageTest"/>
  <testcase name="verifyUserTest" time="8.125" classname="com.crmautomation.testcases.HomePageTest"/>
  <testcase name="navigateToContactsPageTest" time="14.313" classname="com.crmautomation.testcases.HomePageTest"/>
</testsuite> <!-- com.crmautomation.testcases.HomePageTest -->
